Build started 10/02/2016 11:00:11.
     1>Project "E:\Year 2\Object Oriented C++\Hello World\Hello\Hello.vcxproj" on node 2 (Rebuild target(s)).
     1>ClCompile:
         C:\Program Files (x86)\Microsoft Visual Studio 11.0\VC\bin\CL.exe /c /ZI /nologo /W3 /WX- /sdl /Od /Oy- /D WIN32 /D _DEBUG /D _CONSOLE /D _UNICODE /D UNICODE /Gm /EHsc /RTC1 /MDd /GS /fp:precise /Zc:wchar_t /Zc:forScope /Fo"Debug\\" /Fd"Debug\vc110.pdb" /Gd /TP /analyze- /errorReport:prompt Convert.cpp
         Convert.cpp
     1>e:\year 2\object oriented c++\hello world\hello\convert.cpp(9): error C2059: syntax error : ')'
     1>Done Building Project "E:\Year 2\Object Oriented C++\Hello World\Hello\Hello.vcxproj" (Rebuild target(s)) -- FAILED.

Build FAILED.

Time Elapsed 00:00:39.93
